<?xml version="1.0" encoding="UTF-8"?>
<testng-results ignored="0" total="5" passed="5" failed="0" skipped="0">
  <reporter-output>
  </reporter-output>
  <suite started-at="2025-05-01T17:28:34Z" name="Actionitem Test Suite" finished-at="2025-05-01T17:28:39Z" duration-ms="5180">
    <groups>
    </groups>
    <test started-at="2025-05-01T17:28:34Z" name="Actionitem CRUD Tests" finished-at="2025-05-01T17:28:39Z" duration-ms="5180">
      <class name="com.flowsoft.actiontrackercrudtests.ActiontrackerCRUDTests">
        <test-method is-config="true" signature="init(java.lang.String)[pri:0, instance:com.flowsoft.actiontrackercrudtests.ActiontrackerCRUDTests@3ec300f1]" started-at="2025-05-01T17:28:34Z" name="init" finished-at="2025-05-01T17:28:34Z" duration-ms="16" status="PASS">
          <params>
            <param index="0">
              <value>
                <![CDATA[https://flowsoft-att-backend-dev-c9fb49414d00.herokuapp.com/api/v1]]>
              </value>
            </param>
          </params>
          <reporter-output>
          </reporter-output>
        </test-method> <!-- init -->
        <test-method signature="retrieveAllActionitems()[pri:1, instance:com.flowsoft.actiontrackercrudtests.ActiontrackerCRUDTests@3ec300f1]" started-at="2025-05-01T17:28:34Z" name="retrieveAllActionitems" finished-at="2025-05-01T17:28:37Z" duration-ms="2552" status="PASS">
          <reporter-output>
          </reporter-output>
        </test-method> <!-- retrieveAllActionitems -->
        <test-method signature="createNewActionitem()[pri:2, instance:com.flowsoft.actiontrackercrudtests.ActiontrackerCRUDTests@3ec300f1]" started-at="2025-05-01T17:28:37Z" name="createNewActionitem" finished-at="2025-05-01T17:28:38Z" duration-ms="929" status="PASS">
          <reporter-output>
          </reporter-output>
        </test-method> <!-- createNewActionitem -->
        <test-method signature="retrieveNewActionitem()[pri:3, instance:com.flowsoft.actiontrackercrudtests.ActiontrackerCRUDTests@3ec300f1]" started-at="2025-05-01T17:28:38Z" name="retrieveNewActionitem" finished-at="2025-05-01T17:28:38Z" depends-on-methods="com.flowsoft.actiontrackercrudtests.ActiontrackerCRUDTests.createNewActionitem" duration-ms="448" status="PASS">
          <reporter-output>
          </reporter-output>
        </test-method> <!-- retrieveNewActionitem -->
        <test-method signature="updateNewActionitem()[pri:4, instance:com.flowsoft.actiontrackercrudtests.ActiontrackerCRUDTests@3ec300f1]" started-at="2025-05-01T17:28:38Z" name="updateNewActionitem" finished-at="2025-05-01T17:28:39Z" depends-on-methods="com.flowsoft.actiontrackercrudtests.ActiontrackerCRUDTests.createNewActionitem" duration-ms="450" status="PASS">
          <reporter-output>
          </reporter-output>
        </test-method> <!-- updateNewActionitem -->
        <test-method signature="deleteNewActionitem()[pri:5, instance:com.flowsoft.actiontrackercrudtests.ActiontrackerCRUDTests@3ec300f1]" started-at="2025-05-01T17:28:39Z" name="deleteNewActionitem" finished-at="2025-05-01T17:28:39Z" depends-on-methods="com.flowsoft.actiontrackercrudtests.ActiontrackerCRUDTests.createNewActionitem" duration-ms="785" status="PASS">
          <reporter-output>
          </reporter-output>
        </test-method> <!-- deleteNewActionitem -->
      </class> <!-- com.flowsoft.actiontrackercrudtests.ActiontrackerCRUDTests -->
    </test> <!-- Actionitem CRUD Tests -->
  </suite> <!-- Actionitem Test Suite -->
</testng-results>
