<?xml version="1.0" encoding="UTF-8"?>
<testsuite xmlns:xsi="http://www.w3.org/2001/XMLSchema-instance" xsi:noNamespaceSchemaLocation="https://maven.apache.org/surefire/maven-surefire-plugin/xsd/surefire-test-report-3.0.xsd" version="3.0" name="TestSuite" time="5.706" tests="5" errors="0" skipped="0" failures="0">
  <properties>
[...]
</properties>
  <testcase name="retrieveAllActionitems" classname="com.flowsoft.actiontrackercrudtests.ActiontrackerCRUDTests" time="2.552">
    <system-err><![CDATA[May 01, 2025 10:28:34 AM com.flowsoft.actiontrackercrudtests.ActiontrackerCRUDTests retrieveAllActionitems
INFO: 

====================================================================================
May 01, 2025 10:28:34 AM com.flowsoft.actiontrackercrudtests.ActiontrackerCRUDTests retrieveAllActionitems
INFO: *********************************************** TEST001 - Test to retrieve all Action Items ***********************************************
May 01, 2025 10:28:34 AM com.flowsoft.actiontrackercrud.ActiontrackerCRUDFunctions getAllActionitems
INFO: 

=========================== Issuing API GET call to retrieve all Action Items  ===========================
May 01, 2025 10:28:36 AM com.flowsoft.actiontrackercrud.ActiontrackerCRUDFunctions getAllActionitems
INFO: 

======== API GET call completed successfully; HTTP Status Code of 200 validated =========================
May 01, 2025 10:28:37 AM com.flowsoft.actiontrackercrud.ActiontrackerCRUDFunctions getAllActionitems
INFO: Count of Action Items - Expected: >= 0; Actual:  3
May 01, 2025 10:28:37 AM com.flowsoft.actiontrackercrud.ActiontrackerCRUDFunctions getAllActionitems
INFO: Count of Action Items validated to be >= 0
]]></system-err>
  </testcase>
  <testcase name="createNewActionitem" classname="com.flowsoft.actiontrackercrudtests.ActiontrackerCRUDTests" time="0.929">
    <system-err><![CDATA[May 01, 2025 10:28:37 AM com.flowsoft.actiontrackercrudtests.ActiontrackerCRUDTests createNewActionitem
INFO: 

====================================================================================
May 01, 2025 10:28:37 AM com.flowsoft.actiontrackercrudtests.ActiontrackerCRUDTests createNewActionitem
INFO: *********************************************** TEST002 - Test to create new Action Item ************************************************
May 01, 2025 10:28:37 AM com.flowsoft.actiontrackercrud.ActiontrackerCRUDFunctions createActionitem
INFO: 

====================== Issuing API POST call to create new Action Item  ============================
May 01, 2025 10:28:38 AM com.flowsoft.actiontrackercrud.ActiontrackerCRUDFunctions createActionitem
INFO: 

=========================== API POST call completed successfully and HTTP Status Code of 201 validated ===========================
May 01, 2025 10:28:38 AM com.flowsoft.actiontrackercrud.ActiontrackerCRUDFunctions createActionitem
INFO: Action Item created with ID: 6813af452b039ea4633b9bb5
May 01, 2025 10:28:38 AM com.flowsoft.actiontrackercrud.ActiontrackerCRUDFunctions createActionitem
INFO: 
+++++++++++++++++++++++++++++++ Comparing Action Item parameters +++++++++++++++++++++++++++++++ 
May 01, 2025 10:28:38 AM com.flowsoft.actiontrackercrud.ActiontrackerCRUDFunctions assertActionitemStringParameter
INFO: Parameter "Summary" Expected value: Concert tickets
May 01, 2025 10:28:38 AM com.flowsoft.actiontrackercrud.ActiontrackerCRUDFunctions assertActionitemStringParameter
INFO: Parameter "Summary" Actual value: Concert tickets
May 01, 2025 10:28:38 AM com.flowsoft.actiontrackercrud.ActiontrackerCRUDFunctions assertActionitemStringParameter
INFO: Validation completed for Parameter "Summary"
May 01, 2025 10:28:38 AM com.flowsoft.actiontrackercrud.ActiontrackerCRUDFunctions assertActionitemStringParameter
INFO: Parameter "Description" Expected value: Book tickets for upcoming concert
May 01, 2025 10:28:38 AM com.flowsoft.actiontrackercrud.ActiontrackerCRUDFunctions assertActionitemStringParameter
INFO: Parameter "Description" Actual value: Book tickets for upcoming concert
May 01, 2025 10:28:38 AM com.flowsoft.actiontrackercrud.ActiontrackerCRUDFunctions assertActionitemStringParameter
INFO: Validation completed for Parameter "Description"
May 01, 2025 10:28:38 AM com.flowsoft.actiontrackercrud.ActiontrackerCRUDFunctions assertActionitemStringParameter
INFO: Parameter "Criticality" Expected value: high
May 01, 2025 10:28:38 AM com.flowsoft.actiontrackercrud.ActiontrackerCRUDFunctions assertActionitemStringParameter
INFO: Parameter "Criticality" Actual value: high
May 01, 2025 10:28:38 AM com.flowsoft.actiontrackercrud.ActiontrackerCRUDFunctions assertActionitemStringParameter
INFO: Validation completed for Parameter "Criticality"
May 01, 2025 10:28:38 AM com.flowsoft.actiontrackercrud.ActiontrackerCRUDFunctions assertActionitemStringParameter
INFO: Parameter "Importance" Expected value: important
May 01, 2025 10:28:38 AM com.flowsoft.actiontrackercrud.ActiontrackerCRUDFunctions assertActionitemStringParameter
INFO: Parameter "Importance" Actual value: important
May 01, 2025 10:28:38 AM com.flowsoft.actiontrackercrud.ActiontrackerCRUDFunctions assertActionitemStringParameter
INFO: Validation completed for Parameter "Importance"
May 01, 2025 10:28:38 AM com.flowsoft.actiontrackercrud.ActiontrackerCRUDFunctions assertActionitemStringParameter
INFO: Parameter "Due Date" Expected value: 2025-04-14T00:00:00.000Z
May 01, 2025 10:28:38 AM com.flowsoft.actiontrackercrud.ActiontrackerCRUDFunctions assertActionitemStringParameter
INFO: Parameter "Due Date" Actual value: 2025-04-14T00:00:00.000Z
May 01, 2025 10:28:38 AM com.flowsoft.actiontrackercrud.ActiontrackerCRUDFunctions assertActionitemStringParameter
INFO: Validation completed for Parameter "Due Date"
]]></system-err>
  </testcase>
  <testcase name="retrieveNewActionitem" classname="com.flowsoft.actiontrackercrudtests.ActiontrackerCRUDTests" time="0.448">
    <system-err><![CDATA[May 01, 2025 10:28:38 AM com.flowsoft.actiontrackercrudtests.ActiontrackerCRUDTests retrieveNewActionitem
INFO: 

====================================================================================
May 01, 2025 10:28:38 AM com.flowsoft.actiontrackercrudtests.ActiontrackerCRUDTests retrieveNewActionitem
INFO: *********************************************** TEST003 - Test to retrieve new Action Item ************************************************
May 01, 2025 10:28:38 AM com.flowsoft.actiontrackercrud.ActiontrackerCRUDFunctions getSingleActionitem
INFO: 

=========================== Issuing API GET call to retrieve new Action Item  ============================
May 01, 2025 10:28:38 AM com.flowsoft.actiontrackercrud.ActiontrackerCRUDFunctions getSingleActionitem
INFO: 

=========================== API GET call to retrieve new Action Item completed successfully and HTTP Status Code of 200 validated ===========================
May 01, 2025 10:28:38 AM com.flowsoft.actiontrackercrud.ActiontrackerCRUDFunctions getSingleActionitem
INFO: 
+++++++++++++++++++++++++++++++ Comparing Action Item parameters +++++++++++++++++++++++++++++++ 
May 01, 2025 10:28:38 AM com.flowsoft.actiontrackercrud.ActiontrackerCRUDFunctions assertActionitemStringParameter
INFO: Parameter "Summary" Expected value: Concert tickets
May 01, 2025 10:28:38 AM com.flowsoft.actiontrackercrud.ActiontrackerCRUDFunctions assertActionitemStringParameter
INFO: Parameter "Summary" Actual value: Concert tickets
May 01, 2025 10:28:38 AM com.flowsoft.actiontrackercrud.ActiontrackerCRUDFunctions assertActionitemStringParameter
INFO: Validation completed for Parameter "Summary"
May 01, 2025 10:28:38 AM com.flowsoft.actiontrackercrud.ActiontrackerCRUDFunctions assertActionitemStringParameter
INFO: Parameter "Description" Expected value: Book tickets for upcoming concert
May 01, 2025 10:28:38 AM com.flowsoft.actiontrackercrud.ActiontrackerCRUDFunctions assertActionitemStringParameter
INFO: Parameter "Description" Actual value: Book tickets for upcoming concert
May 01, 2025 10:28:38 AM com.flowsoft.actiontrackercrud.ActiontrackerCRUDFunctions assertActionitemStringParameter
INFO: Validation completed for Parameter "Description"
May 01, 2025 10:28:38 AM com.flowsoft.actiontrackercrud.ActiontrackerCRUDFunctions assertActionitemStringParameter
INFO: Parameter "Criticality" Expected value: high
May 01, 2025 10:28:38 AM com.flowsoft.actiontrackercrud.ActiontrackerCRUDFunctions assertActionitemStringParameter
INFO: Parameter "Criticality" Actual value: high
May 01, 2025 10:28:38 AM com.flowsoft.actiontrackercrud.ActiontrackerCRUDFunctions assertActionitemStringParameter
INFO: Validation completed for Parameter "Criticality"
May 01, 2025 10:28:38 AM com.flowsoft.actiontrackercrud.ActiontrackerCRUDFunctions assertActionitemStringParameter
INFO: Parameter "Importance" Expected value: important
May 01, 2025 10:28:38 AM com.flowsoft.actiontrackercrud.ActiontrackerCRUDFunctions assertActionitemStringParameter
INFO: Parameter "Importance" Actual value: important
May 01, 2025 10:28:38 AM com.flowsoft.actiontrackercrud.ActiontrackerCRUDFunctions assertActionitemStringParameter
INFO: Validation completed for Parameter "Importance"
May 01, 2025 10:28:38 AM com.flowsoft.actiontrackercrud.ActiontrackerCRUDFunctions assertActionitemStringParameter
INFO: Parameter "Due Date" Expected value: 2025-04-14T00:00:00.000Z
May 01, 2025 10:28:38 AM com.flowsoft.actiontrackercrud.ActiontrackerCRUDFunctions assertActionitemStringParameter
INFO: Parameter "Due Date" Actual value: 2025-04-14T00:00:00.000Z
May 01, 2025 10:28:38 AM com.flowsoft.actiontrackercrud.ActiontrackerCRUDFunctions assertActionitemStringParameter
INFO: Validation completed for Parameter "Due Date"
]]></system-err>
  </testcase>
  <testcase name="updateNewActionitem" classname="com.flowsoft.actiontrackercrudtests.ActiontrackerCRUDTests" time="0.45">
    <system-err><![CDATA[May 01, 2025 10:28:38 AM com.flowsoft.actiontrackercrudtests.ActiontrackerCRUDTests updateNewActionitem
INFO: 

====================================================================================
May 01, 2025 10:28:38 AM com.flowsoft.actiontrackercrudtests.ActiontrackerCRUDTests updateNewActionitem
INFO: *********************************************** TEST004 - Test to update new Action Item ************************************************
May 01, 2025 10:28:38 AM com.flowsoft.actiontrackercrud.ActiontrackerCRUDFunctions updateSingleActionitem
INFO: 

=========================== Issuing API PUT call to update new Action Item  ============================
May 01, 2025 10:28:38 AM com.flowsoft.actiontrackercrud.ActiontrackerCRUDFunctions updateSingleActionitem
INFO: 

=========================== API PUT call to update new Action Item completed successfully and HTTP Status Code of 200 validated ===========================
May 01, 2025 10:28:38 AM com.flowsoft.actiontrackercrud.ActiontrackerCRUDFunctions updateSingleActionitem
INFO: 
+++++++++++++++++++++++++++++++ Comparing Action Item parameters +++++++++++++++++++++++++++++++ 
May 01, 2025 10:28:39 AM com.flowsoft.actiontrackercrud.ActiontrackerCRUDFunctions assertActionitemStringParameter
INFO: Parameter "Summary" Expected value: Tax filing
May 01, 2025 10:28:39 AM com.flowsoft.actiontrackercrud.ActiontrackerCRUDFunctions assertActionitemStringParameter
INFO: Parameter "Summary" Actual value: Tax filing
May 01, 2025 10:28:39 AM com.flowsoft.actiontrackercrud.ActiontrackerCRUDFunctions assertActionitemStringParameter
INFO: Validation completed for Parameter "Summary"
May 01, 2025 10:28:39 AM com.flowsoft.actiontrackercrud.ActiontrackerCRUDFunctions assertActionitemStringParameter
INFO: Parameter "Description" Expected value: File taxes for current year
May 01, 2025 10:28:39 AM com.flowsoft.actiontrackercrud.ActiontrackerCRUDFunctions assertActionitemStringParameter
INFO: Parameter "Description" Actual value: File taxes for current year
May 01, 2025 10:28:39 AM com.flowsoft.actiontrackercrud.ActiontrackerCRUDFunctions assertActionitemStringParameter
INFO: Validation completed for Parameter "Description"
May 01, 2025 10:28:39 AM com.flowsoft.actiontrackercrud.ActiontrackerCRUDFunctions assertActionitemStringParameter
INFO: Parameter "Criticality" Expected value: medium
May 01, 2025 10:28:39 AM com.flowsoft.actiontrackercrud.ActiontrackerCRUDFunctions assertActionitemStringParameter
INFO: Parameter "Criticality" Actual value: medium
May 01, 2025 10:28:39 AM com.flowsoft.actiontrackercrud.ActiontrackerCRUDFunctions assertActionitemStringParameter
INFO: Validation completed for Parameter "Criticality"
May 01, 2025 10:28:39 AM com.flowsoft.actiontrackercrud.ActiontrackerCRUDFunctions assertActionitemStringParameter
INFO: Parameter "Importance" Expected value: unimportant
May 01, 2025 10:28:39 AM com.flowsoft.actiontrackercrud.ActiontrackerCRUDFunctions assertActionitemStringParameter
INFO: Parameter "Importance" Actual value: unimportant
May 01, 2025 10:28:39 AM com.flowsoft.actiontrackercrud.ActiontrackerCRUDFunctions assertActionitemStringParameter
INFO: Validation completed for Parameter "Importance"
May 01, 2025 10:28:39 AM com.flowsoft.actiontrackercrud.ActiontrackerCRUDFunctions assertActionitemStringParameter
INFO: Parameter "Due Date" Expected value: 2025-04-15T00:00:00.000Z
May 01, 2025 10:28:39 AM com.flowsoft.actiontrackercrud.ActiontrackerCRUDFunctions assertActionitemStringParameter
INFO: Parameter "Due Date" Actual value: 2025-04-15T00:00:00.000Z
May 01, 2025 10:28:39 AM com.flowsoft.actiontrackercrud.ActiontrackerCRUDFunctions assertActionitemStringParameter
INFO: Validation completed for Parameter "Due Date"
]]></system-err>
  </testcase>
  <testcase name="deleteNewActionitem" classname="com.flowsoft.actiontrackercrudtests.ActiontrackerCRUDTests" time="0.801">
    <system-err><![CDATA[May 01, 2025 10:28:39 AM com.flowsoft.actiontrackercrudtests.ActiontrackerCRUDTests deleteNewActionitem
INFO: 

====================================================================================
May 01, 2025 10:28:39 AM com.flowsoft.actiontrackercrudtests.ActiontrackerCRUDTests deleteNewActionitem
INFO: *********************************************** TEST004 - Test to update new Action Item ************************************************
May 01, 2025 10:28:39 AM com.flowsoft.actiontrackercrud.ActiontrackerCRUDFunctions deleteSingleActionitem
INFO: 

=============== Issuing API DELETE call to delete new Action Item and validate deletion success ============================
May 01, 2025 10:28:39 AM com.flowsoft.actiontrackercrud.ActiontrackerCRUDFunctions deleteSingleActionitem
INFO: 

=========================== API DELETE call to delete new Action Item completed successfully and HTTP Status Code of 200 validated ===========================
May 01, 2025 10:28:39 AM com.flowsoft.actiontrackercrud.ActiontrackerCRUDFunctions deleteSingleActionitem
INFO: 
+++++++++++++++++++++++++++++++ Comparing response parameter +++++++++++++++++++++++++++++++ 
May 01, 2025 10:28:39 AM com.flowsoft.actiontrackercrud.ActiontrackerCRUDFunctions assertActionitemStringParameter
INFO: Parameter "success" Expected value: true
May 01, 2025 10:28:39 AM com.flowsoft.actiontrackercrud.ActiontrackerCRUDFunctions assertActionitemStringParameter
INFO: Parameter "success" Actual value: true
May 01, 2025 10:28:39 AM com.flowsoft.actiontrackercrud.ActiontrackerCRUDFunctions assertActionitemStringParameter
INFO: Validation completed for Parameter "success"
May 01, 2025 10:28:39 AM com.flowsoft.actiontrackercrud.ActiontrackerCRUDFunctions deleteSingleActionitem
INFO: 

=============== Re-issuing API DELETE call to delete new Action Item and validate deletion failure ============================
May 01, 2025 10:28:39 AM com.flowsoft.actiontrackercrud.ActiontrackerCRUDFunctions deleteSingleActionitem
INFO: 

=========================== API DELETE call to delete new Action Item not completed successfully and HTTP Status Code of " + statusCode + " validated ===========================
May 01, 2025 10:28:39 AM com.flowsoft.actiontrackercrud.ActiontrackerCRUDFunctions deleteSingleActionitem
INFO: 
+++++++++++++++++++++++++++++++ Comparing response parameter +++++++++++++++++++++++++++++++ 
May 01, 2025 10:28:39 AM com.flowsoft.actiontrackercrud.ActiontrackerCRUDFunctions assertActionitemStringParameter
INFO: Parameter "success" Expected value: false
May 01, 2025 10:28:39 AM com.flowsoft.actiontrackercrud.ActiontrackerCRUDFunctions assertActionitemStringParameter
INFO: Parameter "success" Actual value: false
May 01, 2025 10:28:39 AM com.flowsoft.actiontrackercrud.ActiontrackerCRUDFunctions assertActionitemStringParameter
INFO: Validation completed for Parameter "success"
]]></system-err>
  </testcase>
</testsuite>